run_id=sprint2
raw_records=10
cleaned_records=6
quarantine_records=4
metric_impact[rule_chunk_text_normalized]=0
metric_impact[rule_doc_id_normalized]=0
metric_impact[rule_exported_at_normalized]=0
metric_impact[rule_fix_stale_refund_window]=1
metric_impact[rule_quarantine_invalid_exported_at_format]=0
metric_impact[rule_quarantine_missing_exported_at]=0
metric_impact[rule_quarantine_semantic_duplicate_chunk_text]=1
metric_impact[rule_quarantine_short_chunk_text]=0
metric_impact[rule_refund_migration_note_removed]=1
cleaned_csv=artifacts\cleaned\cleaned_sprint2.csv
quarantine_csv=artifacts\quarantine\quarantine_sprint2.csv
expectation[min_one_row] OK (halt) :: cleaned_rows=6
expectation[no_empty_doc_id] OK (halt) :: empty_doc_id_count=0
expectation[refund_no_stale_14d_window] OK (halt) :: violations=0
expectation[chunk_min_length_8] OK (warn) :: short_chunks=0
expectation[effective_date_iso_yyyy_mm_dd] OK (halt) :: non_iso_rows=0
expectation[hr_leave_no_stale_10d_annual] OK (halt) :: violations=0
expectation[exported_at_iso_datetime] OK (halt) :: invalid_exported_at=0
expectation[refund_no_migration_note] OK (warn) :: violations=0
run_id=sprint2
raw_records=10
cleaned_records=6
quarantine_records=4
metric_impact[rule_chunk_text_normalized]=0
metric_impact[rule_doc_id_normalized]=0
metric_impact[rule_exported_at_normalized]=0
metric_impact[rule_fix_stale_refund_window]=1
metric_impact[rule_quarantine_invalid_exported_at_format]=0
metric_impact[rule_quarantine_missing_exported_at]=0
metric_impact[rule_quarantine_semantic_duplicate_chunk_text]=1
metric_impact[rule_quarantine_short_chunk_text]=0
metric_impact[rule_refund_migration_note_removed]=1
cleaned_csv=artifacts\cleaned\cleaned_sprint2.csv
quarantine_csv=artifacts\quarantine\quarantine_sprint2.csv
expectation[min_one_row] OK (halt) :: cleaned_rows=6
expectation[no_empty_doc_id] OK (halt) :: empty_doc_id_count=0
expectation[refund_no_stale_14d_window] OK (halt) :: violations=0
expectation[chunk_min_length_8] OK (warn) :: short_chunks=0
expectation[effective_date_iso_yyyy_mm_dd] OK (halt) :: non_iso_rows=0
expectation[hr_leave_no_stale_10d_annual] OK (halt) :: violations=0
expectation[exported_at_iso_datetime] OK (halt) :: invalid_exported_at=0
expectation[refund_no_migration_note] OK (warn) :: violations=0
embed_upsert_count=6 collection='day10_kb'
manifest_written=artifacts\manifests\manifest_sprint2.json
freshness_check=FAIL {"latest_exported_at": "2026-04-10T08:00:00", "age_hours": 121.347, "sla_hours": 24.0, "reason": "freshness_sla_exceeded"}
PIPELINE_OK
run_id=sprint2
raw_records=10
cleaned_records=6
quarantine_records=4
metric_impact[rule_chunk_text_normalized]=0
metric_impact[rule_doc_id_normalized]=0
metric_impact[rule_exported_at_normalized]=0
metric_impact[rule_fix_stale_refund_window]=1
metric_impact[rule_quarantine_invalid_exported_at_format]=0
metric_impact[rule_quarantine_missing_exported_at]=0
metric_impact[rule_quarantine_semantic_duplicate_chunk_text]=1
metric_impact[rule_quarantine_short_chunk_text]=0
metric_impact[rule_refund_migration_note_removed]=1
cleaned_csv=artifacts\cleaned\cleaned_sprint2.csv
quarantine_csv=artifacts\quarantine\quarantine_sprint2.csv
expectation[min_one_row] OK (halt) :: cleaned_rows=6
expectation[no_empty_doc_id] OK (halt) :: empty_doc_id_count=0
expectation[refund_no_stale_14d_window] OK (halt) :: violations=0
expectation[chunk_min_length_8] OK (warn) :: short_chunks=0
expectation[effective_date_iso_yyyy_mm_dd] OK (halt) :: non_iso_rows=0
expectation[hr_leave_no_stale_10d_annual] OK (halt) :: violations=0
expectation[exported_at_iso_datetime] OK (halt) :: invalid_exported_at=0
expectation[refund_no_migration_note] OK (warn) :: violations=0
embed_prune_removed=1
embed_upsert_count=6 collection='day10_kb'
manifest_written=artifacts\manifests\manifest_sprint2.json
freshness_check=FAIL {"latest_exported_at": "2026-04-10T08:00:00", "age_hours": 121.381, "sla_hours": 24.0, "reason": "freshness_sla_exceeded"}
PIPELINE_OK
run_id=sprint2
raw_records=10
freshness_ingest_check=FAIL latest='2026-04-10T08:00:00' age_hours=121.72
cleaned_records=6
quarantine_records=4
metric_impact[rule_chunk_text_normalized]=0
metric_impact[rule_doc_id_normalized]=0
metric_impact[rule_exported_at_normalized]=0
metric_impact[rule_fix_stale_refund_window]=1
metric_impact[rule_pydantic_validation_error]=0
metric_impact[rule_quarantine_invalid_exported_at_format]=0
metric_impact[rule_quarantine_missing_exported_at]=0
metric_impact[rule_quarantine_semantic_duplicate_chunk_text]=1
metric_impact[rule_quarantine_short_chunk_text]=0
metric_impact[rule_refund_migration_note_removed]=1
cleaned_csv=artifacts\cleaned\cleaned_sprint2.csv
quarantine_csv=artifacts\quarantine\quarantine_sprint2.csv
expectation[min_one_row] OK (halt) :: cleaned_rows=6
expectation[no_empty_doc_id] OK (halt) :: empty_doc_id_count=0
expectation[refund_no_stale_14d_window] OK (halt) :: violations=0
expectation[chunk_min_length_8] OK (warn) :: short_chunks=0
expectation[effective_date_iso_yyyy_mm_dd] OK (halt) :: non_iso_rows=0
expectation[hr_leave_no_stale_10d_annual] OK (halt) :: violations=0
expectation[exported_at_iso_datetime] OK (halt) :: invalid_exported_at=0
expectation[refund_no_migration_note] OK (warn) :: violations=0
embed_upsert_count=6 collection='day10_kb'
manifest_written=artifacts\manifests\manifest_sprint2.json
freshness_check=FAIL {"latest_exported_at": "2026-04-10T08:00:00", "age_hours": 121.718, "sla_hours": 24.0, "reason": "freshness_sla_exceeded"}
PIPELINE_OK
